INFO  [2021-12-30 09:06:16,711] io.dropwizard.server.DefaultServerFactory: Registering jersey handler with root path prefix: /
INFO  [2021-12-30 09:06:16,716] io.dropwizard.server.DefaultServerFactory: Registering admin handler with root path prefix: /
INFO  [2021-12-30 09:06:16,716] io.dropwizard.assets.AssetsBundle: Registering AssetBundle with name: grobidAssets for path /*
INFO  [2021-12-30 09:06:17,060] com.hubspot.dropwizard.guicier.DropwizardModule: Added guice injected health check: org.grobid.service.resources.HealthResource
WARN  [2021-12-30 09:06:17,066] org.grobid.core.main.GrobidHomeFinder: Grobid config file location was not explicitly set via 'org.grobid.config' system variable, defaulting to: /home/vikhil/quickcompany/grobid/grobid-home/config/grobid.yaml
INFO  [2021-12-30 09:06:17,086] org.grobid.service.GrobidRestService: Initiating Servlet GrobidRestService
INFO  [2021-12-30 09:06:17,087] org.grobid.core.main.LibraryLoader: Loading external native sequence labelling library
INFO  [2021-12-30 09:06:17,091] org.grobid.core.main.LibraryLoader: Loading Wapiti native library...
INFO  [2021-12-30 09:06:17,091] org.grobid.core.main.LibraryLoader: Native library for sequence labelling loaded
INFO  [2021-12-30 09:06:17,094] org.grobid.core.lexicon.Lexicon: Initiating dictionary
INFO  [2021-12-30 09:06:17,095] org.grobid.core.lexicon.Lexicon: End of Initialization of dictionary
INFO  [2021-12-30 09:06:17,095] org.grobid.core.lexicon.Lexicon: Initiating names
INFO  [2021-12-30 09:06:17,095] org.grobid.core.lexicon.Lexicon: End of initialization of names
INFO  [2021-12-30 09:06:17,506] org.grobid.core.lexicon.Lexicon: Initiating country codes
INFO  [2021-12-30 09:06:17,506] org.grobid.core.lexicon.Lexicon: End of initialization of country codes
INFO  [2021-12-30 09:06:17,612] org.grobid.core.factory.GrobidPoolingFactory: Number of Engines in pool active/max: 1/10
INFO  [2021-12-30 09:06:17,613] org.grobid.service.GrobidRestService: Initiating of Servlet GrobidRestService finished.
INFO  [2021-12-30 09:06:17,618] com.hubspot.dropwizard.guicier.DropwizardModule: Registering org.grobid.service.resources.HealthResource as a root resource class
INFO  [2021-12-30 09:06:17,619] com.hubspot.dropwizard.guicier.DropwizardModule: Registering org.grobid.service.GrobidRestService as a root resource class
INFO  [2021-12-30 09:06:17,619] com.hubspot.dropwizard.guicier.DropwizardModule: Registering org.grobid.service.exceptions.mapper.GrobidServiceExceptionMapper as a provider class
INFO  [2021-12-30 09:06:17,619] com.hubspot.dropwizard.guicier.DropwizardModule: Registering org.grobid.service.exceptions.mapper.GrobidExceptionsTranslationUtility as a provider class
INFO  [2021-12-30 09:06:17,620] com.hubspot.dropwizard.guicier.DropwizardModule: Registering org.grobid.service.exceptions.mapper.GrobidExceptionMapper as a provider class
INFO  [2021-12-30 09:06:17,620] com.hubspot.dropwizard.guicier.DropwizardModule: Registering org.grobid.service.exceptions.mapper.WebApplicationExceptionMapper as a provider class
INFO  [2021-12-30 09:06:17,623] org.grobid.service.main.GrobidServiceApplication: Service config=GrobidServiceConfiguration{server=DefaultServerFactory{applicationConnectors=[io.dropwizard.jetty.HttpConnectorFactory@783115d9], adminConnectors=[io.dropwizard.jetty.HttpConnectorFactory@11de56e6], adminMaxThreads=64, adminMinThreads=1, applicationContextPath=/, adminContextPath=/}, logging=DefaultLoggingFactory{level=INFO, loggers={org.apache.pdfbox.pdmodel.font.PDSimpleFont="OFF"}, appenders=[io.dropwizard.logging.ConsoleAppenderFactory@79b84841, io.dropwizard.logging.FileAppenderFactory@48976e6d]}, metrics=MetricsFactory{frequency=1 minute, reporters=[]}}
INFO  [2021-12-30 09:06:17,640] io.dropwizard.server.ServerFactory: Starting grobid-service

 _______  _______  _______  ______  _________ ______     _______  _______  _______          _________ _______  _______
(  ____ \(  ____ )(  ___  )(  ___ \ \__   __/(  __  \   (  ____ \(  ____ \(  ____ )|\     /|\__   __/(  ____ \(  ____ \
| (    \/| (    )|| (   ) || (   ) )   ) (   | (  \  )  | (    \/| (    \/| (    )|| )   ( |   ) (   | (    \/| (    \/
| |      | (____)|| |   | || (__/ /    | |   | |   ) |  | (_____ | (__    | (____)|| |   | |   | |   | |      | (__
| | ____ |     __)| |   | ||  __ (     | |   | |   | |  (_____  )|  __)   |     __)( (   ) )   | |   | |      |  __)
| | \_  )| (\ (   | |   | || (  \ \    | |   | |   ) |        ) || (      | (\ (    \ \_/ /    | |   | |      | (
| (___) || ) \ \__| (___) || )___) )___) (___| (__/  )  /\____) || (____/\| ) \ \__  \   /  ___) (___| (____/\| (____/\
(_______)|/   \__/(_______)|/ \___/ \_______/(______/   \_______)(_______/|/   \__/   \_/   \_______/(_______/(_______/


INFO  [2021-12-30 09:06:17,731] org.eclipse.jetty.setuid.SetUIDListener: Opened application@17fbfb02{HTTP/1.1,[http/1.1]}{0.0.0.0:8070}
INFO  [2021-12-30 09:06:17,731] org.eclipse.jetty.setuid.SetUIDListener: Opened admin@8f2e3e6{HTTP/1.1,[http/1.1]}{0.0.0.0:8071}
INFO  [2021-12-30 09:06:17,734] org.eclipse.jetty.server.Server: jetty-9.4.18.v20190429; built: 2019-04-29T20:42:08.989Z; git: e1bc35120a6617ee3df052294e433f3a25ce7097; jvm 11.0.13+8-Ubuntu-0ubuntu1.20.04
WARN  [2021-12-30 09:06:18,049] org.glassfish.jersey.internal.inject.Providers: A provider org.grobid.service.exceptions.mapper.GrobidExceptionsTranslationUtility registered in SERVER runtime does not implement any provider interfaces applicable in the SERVER runtime. Due to constraint configuration problems the provider org.grobid.service.exceptions.mapper.GrobidExceptionsTranslationUtility will be ignored. 
INFO  [2021-12-30 09:06:18,320] io.dropwizard.jersey.DropwizardResourceConfig: The following paths were found for the configured resources:

    POST    /api/annotatePDF (org.grobid.service.GrobidRestService)
    POST    /api/citationPatentAnnotations (org.grobid.service.GrobidRestService)
    GET     /api/grobid (org.grobid.service.GrobidRestService)
    GET     /api/health (org.grobid.service.resources.HealthResource)
    GET     /api/isalive (org.grobid.service.GrobidRestService)
    GET     /api/model (org.grobid.service.GrobidRestService)
    POST    /api/model (org.grobid.service.GrobidRestService)
    POST    /api/modelTraining (org.grobid.service.GrobidRestService)
    POST    /api/processAffiliations (org.grobid.service.GrobidRestService)
    PUT     /api/processAffiliations (org.grobid.service.GrobidRestService)
    POST    /api/processCitation (org.grobid.service.GrobidRestService)
    PUT     /api/processCitation (org.grobid.service.GrobidRestService)
    POST    /api/processCitationList (org.grobid.service.GrobidRestService)
    POST    /api/processCitationNames (org.grobid.service.GrobidRestService)
    PUT     /api/processCitationNames (org.grobid.service.GrobidRestService)
    POST    /api/processCitationPatentPDF (org.grobid.service.GrobidRestService)
    POST    /api/processCitationPatentST36 (org.grobid.service.GrobidRestService)
    POST    /api/processCitationPatentTXT (org.grobid.service.GrobidRestService)
    POST    /api/processDate (org.grobid.service.GrobidRestService)
    PUT     /api/processDate (org.grobid.service.GrobidRestService)
    POST    /api/processFulltextAssetDocument (org.grobid.service.GrobidRestService)
    PUT     /api/processFulltextAssetDocument (org.grobid.service.GrobidRestService)
    POST    /api/processFulltextDocument (org.grobid.service.GrobidRestService)
    PUT     /api/processFulltextDocument (org.grobid.service.GrobidRestService)
    POST    /api/processHeaderDocument (org.grobid.service.GrobidRestService)
    PUT     /api/processHeaderDocument (org.grobid.service.GrobidRestService)
    POST    /api/processHeaderNames (org.grobid.service.GrobidRestService)
    PUT     /api/processHeaderNames (org.grobid.service.GrobidRestService)
    POST    /api/processReferences (org.grobid.service.GrobidRestService)
    PUT     /api/processReferences (org.grobid.service.GrobidRestService)
    POST    /api/referenceAnnotations (org.grobid.service.GrobidRestService)
    POST    /api/trainingResult (org.grobid.service.GrobidRestService)
    GET     /api/version (org.grobid.service.GrobidRestService)

INFO  [2021-12-30 09:06:18,325] org.eclipse.jetty.server.handler.ContextHandler: Started i.d.j.MutableServletContextHandler@4b9f7edc{/,null,AVAILABLE}
INFO  [2021-12-30 09:06:18,329] io.dropwizard.setup.AdminEnvironment: tasks = 

    POST    /tasks/log-level (io.dropwizard.servlets.tasks.LogConfigurationTask)
    POST    /tasks/gc (io.dropwizard.servlets.tasks.GarbageCollectionTask)

INFO  [2021-12-30 09:06:18,334] org.eclipse.jetty.server.handler.ContextHandler: Started i.d.j.MutableServletContextHandler@56299b0e{/,null,AVAILABLE}
INFO  [2021-12-30 09:06:18,345] org.eclipse.jetty.server.AbstractConnector: Started application@17fbfb02{HTTP/1.1,[http/1.1]}{0.0.0.0:8070}
INFO  [2021-12-30 09:06:18,348] org.eclipse.jetty.server.AbstractConnector: Started admin@8f2e3e6{HTTP/1.1,[http/1.1]}{0.0.0.0:8071}
INFO  [2021-12-30 09:06:18,348] org.eclipse.jetty.server.Server: Started @2849ms
INFO  [2021-12-30 09:06:38,802] org.grobid.core.jni.WapitiModel: Loading model: /home/vikhil/quickcompany/grobid/grobid-home/models/affiliation-address/model.wapiti (size: 2766570)
INFO  [2021-12-30 09:06:39,007] org.grobid.core.jni.WapitiModel: Loading model: /home/vikhil/quickcompany/grobid/grobid-home/models/name/header/model.wapiti (size: 2524527)
INFO  [2021-12-30 09:06:39,173] org.grobid.core.jni.WapitiModel: Loading model: /home/vikhil/quickcompany/grobid/grobid-home/models/name/citation/model.wapiti (size: 440148)
INFO  [2021-12-30 09:06:39,198] org.grobid.core.jni.WapitiModel: Loading model: /home/vikhil/quickcompany/grobid/grobid-home/models/header/model.wapiti (size: 17134253)
INFO  [2021-12-30 09:06:40,572] org.grobid.core.jni.WapitiModel: Loading model: /home/vikhil/quickcompany/grobid/grobid-home/models/date/model.wapiti (size: 102435)
INFO  [2021-12-30 09:06:40,578] org.grobid.core.jni.WapitiModel: Loading model: /home/vikhil/quickcompany/grobid/grobid-home/models/citation/model.wapiti (size: 16865234)
INFO  [2021-12-30 09:06:41,858] org.grobid.core.jni.WapitiModel: Loading model: /home/vikhil/quickcompany/grobid/grobid-home/models/fulltext/model.wapiti (size: 26707735)
INFO  [2021-12-30 09:06:43,904] org.grobid.core.jni.WapitiModel: Loading model: /home/vikhil/quickcompany/grobid/grobid-home/models/segmentation/model.wapiti (size: 31133177)
INFO  [2021-12-30 09:06:46,726] org.grobid.core.jni.WapitiModel: Loading model: /home/vikhil/quickcompany/grobid/grobid-home/models/reference-segmenter/model.wapiti (size: 4921245)
INFO  [2021-12-30 09:06:47,040] org.grobid.core.jni.WapitiModel: Loading model: /home/vikhil/quickcompany/grobid/grobid-home/models/figure/model.wapiti (size: 422671)
INFO  [2021-12-30 09:06:47,061] org.grobid.core.jni.WapitiModel: Loading model: /home/vikhil/quickcompany/grobid/grobid-home/models/table/model.wapiti (size: 1427222)
INFO  [2021-12-30 09:06:47,144] org.grobid.core.factory.GrobidPoolingFactory: Number of Engines in pool active/max: 1/10
INFO  [2021-12-30 09:06:47,579] org.grobid.core.utilities.glutton.GluttonClient: nThreads: 8
INFO  [2021-12-30 09:06:47,741] org.grobid.core.document.Document: Standalone figure on page: 3
INFO  [2021-12-30 09:07:26,987] org.grobid.core.factory.GrobidPoolingFactory: Number of Engines in pool active/max: 1/10
INFO  [2021-12-30 09:08:06,306] org.grobid.core.factory.GrobidPoolingFactory: Number of Engines in pool active/max: 1/10
INFO  [2021-12-30 09:08:47,613] org.eclipse.jetty.server.AbstractConnector: Stopped application@17fbfb02{HTTP/1.1,[http/1.1]}{0.0.0.0:8070}
INFO  [2021-12-30 09:08:47,614] org.eclipse.jetty.server.AbstractConnector: Stopped admin@8f2e3e6{HTTP/1.1,[http/1.1]}{0.0.0.0:8071}
INFO  [2021-12-30 09:08:47,616] org.eclipse.jetty.server.handler.ContextHandler: Stopped i.d.j.MutableServletContextHandler@56299b0e{/,null,UNAVAILABLE}
INFO  [2021-12-30 09:08:47,625] org.eclipse.jetty.server.handler.ContextHandler: Stopped i.d.j.MutableServletContextHandler@4b9f7edc{/,null,UNAVAILABLE}
