INFO  [2022-01-03 16:47:04,646] io.dropwizard.server.DefaultServerFactory: Registering jersey handler with root path prefix: /
INFO  [2022-01-03 16:47:04,650] io.dropwizard.server.DefaultServerFactory: Registering admin handler with root path prefix: /
INFO  [2022-01-03 16:47:04,650] io.dropwizard.assets.AssetsBundle: Registering AssetBundle with name: grobidAssets for path /*
INFO  [2022-01-03 16:47:05,040] com.hubspot.dropwizard.guicier.DropwizardModule: Added guice injected health check: org.grobid.service.resources.HealthResource
WARN  [2022-01-03 16:47:05,084] org.grobid.core.main.GrobidHomeFinder: Grobid config file location was not explicitly set via 'org.grobid.config' system variable, defaulting to: /home/vikhil/quickcompany/grobid/grobid-home/config/grobid.yaml
INFO  [2022-01-03 16:47:05,100] org.grobid.service.GrobidRestService: Initiating Servlet GrobidRestService
INFO  [2022-01-03 16:47:05,101] org.grobid.core.main.LibraryLoader: Loading external native sequence labelling library
INFO  [2022-01-03 16:47:05,136] org.grobid.core.main.LibraryLoader: Loading Wapiti native library...
INFO  [2022-01-03 16:47:05,137] org.grobid.core.main.LibraryLoader: Native library for sequence labelling loaded
INFO  [2022-01-03 16:47:05,154] org.grobid.core.lexicon.Lexicon: Initiating dictionary
INFO  [2022-01-03 16:47:05,155] org.grobid.core.lexicon.Lexicon: End of Initialization of dictionary
INFO  [2022-01-03 16:47:05,155] org.grobid.core.lexicon.Lexicon: Initiating names
INFO  [2022-01-03 16:47:05,155] org.grobid.core.lexicon.Lexicon: End of initialization of names
INFO  [2022-01-03 16:47:05,521] org.grobid.core.lexicon.Lexicon: Initiating country codes
INFO  [2022-01-03 16:47:05,521] org.grobid.core.lexicon.Lexicon: End of initialization of country codes
INFO  [2022-01-03 16:47:05,733] org.grobid.core.factory.GrobidPoolingFactory: Number of Engines in pool active/max: 1/10
INFO  [2022-01-03 16:47:05,733] org.grobid.service.GrobidRestService: Initiating of Servlet GrobidRestService finished.
INFO  [2022-01-03 16:47:05,738] com.hubspot.dropwizard.guicier.DropwizardModule: Registering org.grobid.service.resources.HealthResource as a root resource class
INFO  [2022-01-03 16:47:05,738] com.hubspot.dropwizard.guicier.DropwizardModule: Registering org.grobid.service.GrobidRestService as a root resource class
INFO  [2022-01-03 16:47:05,739] com.hubspot.dropwizard.guicier.DropwizardModule: Registering org.grobid.service.exceptions.mapper.GrobidServiceExceptionMapper as a provider class
INFO  [2022-01-03 16:47:05,740] com.hubspot.dropwizard.guicier.DropwizardModule: Registering org.grobid.service.exceptions.mapper.GrobidExceptionsTranslationUtility as a provider class
INFO  [2022-01-03 16:47:05,740] com.hubspot.dropwizard.guicier.DropwizardModule: Registering org.grobid.service.exceptions.mapper.GrobidExceptionMapper as a provider class
INFO  [2022-01-03 16:47:05,740] com.hubspot.dropwizard.guicier.DropwizardModule: Registering org.grobid.service.exceptions.mapper.WebApplicationExceptionMapper as a provider class
INFO  [2022-01-03 16:47:05,744] org.grobid.service.main.GrobidServiceApplication: Service config=GrobidServiceConfiguration{server=DefaultServerFactory{applicationConnectors=[io.dropwizard.jetty.HttpConnectorFactory@39008c9f], adminConnectors=[io.dropwizard.jetty.HttpConnectorFactory@6411d3c8], adminMaxThreads=64, adminMinThreads=1, applicationContextPath=/, adminContextPath=/}, logging=DefaultLoggingFactory{level=INFO, loggers={org.apache.pdfbox.pdmodel.font.PDSimpleFont="OFF"}, appenders=[io.dropwizard.logging.ConsoleAppenderFactory@56a4f272, io.dropwizard.logging.FileAppenderFactory@216e9ca3]}, metrics=MetricsFactory{frequency=1 minute, reporters=[]}}
INFO  [2022-01-03 16:47:05,791] io.dropwizard.server.ServerFactory: Starting grobid-service

 _______  _______  _______  ______  _________ ______     _______  _______  _______          _________ _______  _______
(  ____ \(  ____ )(  ___  )(  ___ \ \__   __/(  __  \   (  ____ \(  ____ \(  ____ )|\     /|\__   __/(  ____ \(  ____ \
| (    \/| (    )|| (   ) || (   ) )   ) (   | (  \  )  | (    \/| (    \/| (    )|| )   ( |   ) (   | (    \/| (    \/
| |      | (____)|| |   | || (__/ /    | |   | |   ) |  | (_____ | (__    | (____)|| |   | |   | |   | |      | (__
| | ____ |     __)| |   | ||  __ (     | |   | |   | |  (_____  )|  __)   |     __)( (   ) )   | |   | |      |  __)
| | \_  )| (\ (   | |   | || (  \ \    | |   | |   ) |        ) || (      | (\ (    \ \_/ /    | |   | |      | (
| (___) || ) \ \__| (___) || )___) )___) (___| (__/  )  /\____) || (____/\| ) \ \__  \   /  ___) (___| (____/\| (____/\
(_______)|/   \__/(_______)|/ \___/ \_______/(______/   \_______)(_______/|/   \__/   \_/   \_______/(_______/(_______/


INFO  [2022-01-03 16:47:05,871] org.eclipse.jetty.setuid.SetUIDListener: Opened application@7c0df4ab{HTTP/1.1,[http/1.1]}{0.0.0.0:8070}
INFO  [2022-01-03 16:47:05,871] org.eclipse.jetty.setuid.SetUIDListener: Opened admin@2e362407{HTTP/1.1,[http/1.1]}{0.0.0.0:8071}
INFO  [2022-01-03 16:47:05,874] org.eclipse.jetty.server.Server: jetty-9.4.18.v20190429; built: 2019-04-29T20:42:08.989Z; git: e1bc35120a6617ee3df052294e433f3a25ce7097; jvm 11.0.13+8-Ubuntu-0ubuntu1.20.04
WARN  [2022-01-03 16:47:06,150] org.glassfish.jersey.internal.inject.Providers: A provider org.grobid.service.exceptions.mapper.GrobidExceptionsTranslationUtility registered in SERVER runtime does not implement any provider interfaces applicable in the SERVER runtime. Due to constraint configuration problems the provider org.grobid.service.exceptions.mapper.GrobidExceptionsTranslationUtility will be ignored. 
INFO  [2022-01-03 16:47:06,439] io.dropwizard.jersey.DropwizardResourceConfig: The following paths were found for the configured resources:

    POST    /api/annotatePDF (org.grobid.service.GrobidRestService)
    POST    /api/citationPatentAnnotations (org.grobid.service.GrobidRestService)
    GET     /api/grobid (org.grobid.service.GrobidRestService)
    GET     /api/health (org.grobid.service.resources.HealthResource)
    GET     /api/isalive (org.grobid.service.GrobidRestService)
    GET     /api/model (org.grobid.service.GrobidRestService)
    POST    /api/model (org.grobid.service.GrobidRestService)
    POST    /api/modelTraining (org.grobid.service.GrobidRestService)
    POST    /api/processAffiliations (org.grobid.service.GrobidRestService)
    PUT     /api/processAffiliations (org.grobid.service.GrobidRestService)
    POST    /api/processCitation (org.grobid.service.GrobidRestService)
    PUT     /api/processCitation (org.grobid.service.GrobidRestService)
    POST    /api/processCitationList (org.grobid.service.GrobidRestService)
    POST    /api/processCitationNames (org.grobid.service.GrobidRestService)
    PUT     /api/processCitationNames (org.grobid.service.GrobidRestService)
    POST    /api/processCitationPatentPDF (org.grobid.service.GrobidRestService)
    POST    /api/processCitationPatentST36 (org.grobid.service.GrobidRestService)
    POST    /api/processCitationPatentTXT (org.grobid.service.GrobidRestService)
    POST    /api/processDate (org.grobid.service.GrobidRestService)
    PUT     /api/processDate (org.grobid.service.GrobidRestService)
    POST    /api/processFulltextAssetDocument (org.grobid.service.GrobidRestService)
    PUT     /api/processFulltextAssetDocument (org.grobid.service.GrobidRestService)
    POST    /api/processFulltextDocument (org.grobid.service.GrobidRestService)
    PUT     /api/processFulltextDocument (org.grobid.service.GrobidRestService)
    POST    /api/processHeaderDocument (org.grobid.service.GrobidRestService)
    PUT     /api/processHeaderDocument (org.grobid.service.GrobidRestService)
    POST    /api/processHeaderNames (org.grobid.service.GrobidRestService)
    PUT     /api/processHeaderNames (org.grobid.service.GrobidRestService)
    POST    /api/processReferences (org.grobid.service.GrobidRestService)
    PUT     /api/processReferences (org.grobid.service.GrobidRestService)
    POST    /api/referenceAnnotations (org.grobid.service.GrobidRestService)
    POST    /api/trainingResult (org.grobid.service.GrobidRestService)
    GET     /api/version (org.grobid.service.GrobidRestService)

INFO  [2022-01-03 16:47:06,441] org.eclipse.jetty.server.handler.ContextHandler: Started i.d.j.MutableServletContextHandler@78f5cbc5{/,null,AVAILABLE}
INFO  [2022-01-03 16:47:06,445] io.dropwizard.setup.AdminEnvironment: tasks = 

    POST    /tasks/log-level (io.dropwizard.servlets.tasks.LogConfigurationTask)
    POST    /tasks/gc (io.dropwizard.servlets.tasks.GarbageCollectionTask)

INFO  [2022-01-03 16:47:06,449] org.eclipse.jetty.server.handler.ContextHandler: Started i.d.j.MutableServletContextHandler@31f5b923{/,null,AVAILABLE}
INFO  [2022-01-03 16:47:06,457] org.eclipse.jetty.server.AbstractConnector: Started application@7c0df4ab{HTTP/1.1,[http/1.1]}{0.0.0.0:8070}
INFO  [2022-01-03 16:47:06,459] org.eclipse.jetty.server.AbstractConnector: Started admin@2e362407{HTTP/1.1,[http/1.1]}{0.0.0.0:8071}
INFO  [2022-01-03 16:47:06,459] org.eclipse.jetty.server.Server: Started @5463ms
INFO  [2022-01-03 16:49:16,981] org.grobid.core.jni.WapitiModel: Loading model: /home/vikhil/quickcompany/grobid/grobid-home/models/affiliation-address/model.wapiti (size: 2766570)
INFO  [2022-01-03 16:49:17,165] org.grobid.core.jni.WapitiModel: Loading model: /home/vikhil/quickcompany/grobid/grobid-home/models/name/header/model.wapiti (size: 2524527)
INFO  [2022-01-03 16:49:17,320] org.grobid.core.jni.WapitiModel: Loading model: /home/vikhil/quickcompany/grobid/grobid-home/models/name/citation/model.wapiti (size: 440148)
INFO  [2022-01-03 16:49:17,361] org.grobid.core.jni.WapitiModel: Loading model: /home/vikhil/quickcompany/grobid/grobid-home/models/header/model.wapiti (size: 17134253)
INFO  [2022-01-03 16:49:18,743] org.grobid.core.jni.WapitiModel: Loading model: /home/vikhil/quickcompany/grobid/grobid-home/models/date/model.wapiti (size: 102435)
INFO  [2022-01-03 16:49:18,749] org.grobid.core.jni.WapitiModel: Loading model: /home/vikhil/quickcompany/grobid/grobid-home/models/citation/model.wapiti (size: 16865234)
INFO  [2022-01-03 16:49:20,025] org.grobid.core.jni.WapitiModel: Loading model: /home/vikhil/quickcompany/grobid/grobid-home/models/fulltext/model.wapiti (size: 26707735)
INFO  [2022-01-03 16:49:22,069] org.grobid.core.jni.WapitiModel: Loading model: /home/vikhil/quickcompany/grobid/grobid-home/models/segmentation/model.wapiti (size: 31133177)
INFO  [2022-01-03 16:49:24,869] org.grobid.core.jni.WapitiModel: Loading model: /home/vikhil/quickcompany/grobid/grobid-home/models/reference-segmenter/model.wapiti (size: 4921245)
INFO  [2022-01-03 16:49:25,179] org.grobid.core.jni.WapitiModel: Loading model: /home/vikhil/quickcompany/grobid/grobid-home/models/figure/model.wapiti (size: 422671)
INFO  [2022-01-03 16:49:25,201] org.grobid.core.jni.WapitiModel: Loading model: /home/vikhil/quickcompany/grobid/grobid-home/models/table/model.wapiti (size: 1427222)
INFO  [2022-01-03 16:49:25,283] org.grobid.core.factory.GrobidPoolingFactory: Number of Engines in pool active/max: 1/10
INFO  [2022-01-03 16:49:41,594] org.grobid.core.utilities.glutton.GluttonClient: nThreads: 8
INFO  [2022-01-03 16:57:28,622] org.eclipse.jetty.server.AbstractConnector: Stopped application@7c0df4ab{HTTP/1.1,[http/1.1]}{0.0.0.0:8070}
INFO  [2022-01-03 16:57:28,624] org.eclipse.jetty.server.AbstractConnector: Stopped admin@2e362407{HTTP/1.1,[http/1.1]}{0.0.0.0:8071}
INFO  [2022-01-03 16:57:28,625] org.eclipse.jetty.server.handler.ContextHandler: Stopped i.d.j.MutableServletContextHandler@31f5b923{/,null,UNAVAILABLE}
INFO  [2022-01-03 16:57:28,635] org.eclipse.jetty.server.handler.ContextHandler: Stopped i.d.j.MutableServletContextHandler@78f5cbc5{/,null,UNAVAILABLE}
